02 Feb 2018 10:59:54,760  INFO [main] businessLogic.SignupAndLogin:35 - Login module
02 Feb 2018 10:59:56,149 DEBUG [main] conn.BasicClientConnectionManager:161 - Get connection for route {}->http://34.227.27.131:80
02 Feb 2018 10:59:56,157 DEBUG [main] conn.DefaultClientConnectionOperator:177 - Connecting to 34.227.27.131:80
02 Feb 2018 10:59:56,499 DEBUG [main] protocol.RequestAddCookies:123 - CookieSpec selected: ignoreCookies
02 Feb 2018 10:59:56,506 DEBUG [main] protocol.RequestAuthCache:77 - Auth cache not set in the context
02 Feb 2018 10:59:56,506 DEBUG [main] protocol.RequestTargetAuthentication:80 - Target auth state: UNCHALLENGED
02 Feb 2018 10:59:56,507 DEBUG [main] protocol.RequestProxyAuthentication:89 - Proxy auth state: UNCHALLENGED
02 Feb 2018 10:59:56,508 DEBUG [main] client.DefaultHttpClient:682 - Attempt 1 to execute request
02 Feb 2018 10:59:56,508 DEBUG [main] conn.DefaultClientConnection:274 - Sending request: POST /api/graphql/ HTTP/1.1
02 Feb 2018 10:59:56,509 DEBUG [main] http.wire:73 -  >> "POST /api/graphql/ HTTP/1.1[\r][\n]"
02 Feb 2018 10:59:56,511 DEBUG [main] http.wire:73 -  >> "Accept: */*[\r][\n]"
02 Feb 2018 10:59:56,511 DEBUG [main] http.wire:73 -  >> "Content-Type: application/json; charset=UTF-8[\r][\n]"
02 Feb 2018 10:59:56,512 DEBUG [main] http.wire:73 -  >> "Content-Length: 258[\r][\n]"
02 Feb 2018 10:59:56,512 DEBUG [main] http.wire:73 -  >> "Host: 34.227.27.131[\r][\n]"
02 Feb 2018 10:59:56,512 DEBUG [main] http.wire:73 -  >> "Connection: Keep-Alive[\r][\n]"
02 Feb 2018 10:59:56,513 DEBUG [main] http.wire:73 -  >> "User-Agent: Apache-HttpClient/4.5.3 (Java/1.8.0_151)[\r][\n]"
02 Feb 2018 10:59:56,514 DEBUG [main] http.wire:73 -  >> "Accept-Encoding: gzip,deflate[\r][\n]"
02 Feb 2018 10:59:56,514 DEBUG [main] http.wire:73 -  >> "[\r][\n]"
02 Feb 2018 10:59:56,515 DEBUG [main] http.headers:278 - >> POST /api/graphql/ HTTP/1.1
02 Feb 2018 10:59:56,515 DEBUG [main] http.headers:281 - >> Accept: */*
02 Feb 2018 10:59:56,516 DEBUG [main] http.headers:281 - >> Content-Type: application/json; charset=UTF-8
02 Feb 2018 10:59:56,516 DEBUG [main] http.headers:281 - >> Content-Length: 258
02 Feb 2018 10:59:56,516 DEBUG [main] http.headers:281 - >> Host: 34.227.27.131
02 Feb 2018 10:59:56,517 DEBUG [main] http.headers:281 - >> Connection: Keep-Alive
02 Feb 2018 10:59:56,517 DEBUG [main] http.headers:281 - >> User-Agent: Apache-HttpClient/4.5.3 (Java/1.8.0_151)
02 Feb 2018 10:59:56,517 DEBUG [main] http.headers:281 - >> Accept-Encoding: gzip,deflate
02 Feb 2018 10:59:56,518 DEBUG [main] http.wire:87 -  >> "{"query":"mutation login{\nloginUser(loginData: {username: \"rajdeep\", password: \"rajdeep123\"}) {\n  user {\n    username\n    firstName\n    lastName\n    userId\n    clientId\n  email\n    shareRateCards\n    freeTrial\n    termsOfAgreement\n  }\n}\n}"}"
02 Feb 2018 10:59:56,888 DEBUG [main] http.wire:73 -  << "HTTP/1.1 200 OK[\r][\n]"
02 Feb 2018 10:59:56,891 DEBUG [main] http.wire:73 -  << "Server: nginx/1.10.3 (Ubuntu)[\r][\n]"
02 Feb 2018 10:59:56,891 DEBUG [main] http.wire:73 -  << "Date: Fri, 02 Feb 2018 05:29:56 GMT[\r][\n]"
02 Feb 2018 10:59:56,892 DEBUG [main] http.wire:73 -  << "Content-Type: application/json[\r][\n]"
02 Feb 2018 10:59:56,892 DEBUG [main] http.wire:73 -  << "Transfer-Encoding: chunked[\r][\n]"
02 Feb 2018 10:59:56,893 DEBUG [main] http.wire:73 -  << "Connection: keep-alive[\r][\n]"
02 Feb 2018 10:59:56,893 DEBUG [main] http.wire:73 -  << "X-Frame-Options: SAMEORIGIN[\r][\n]"
02 Feb 2018 10:59:56,894 DEBUG [main] http.wire:73 -  << "Vary: Cookie[\r][\n]"
02 Feb 2018 10:59:56,894 DEBUG [main] http.wire:73 -  << "Set-Cookie: sessionid=jokksbjx1rb1bhpulke2swsrszye4j3u; expires=Fri, 16-Feb-2018 05:29:56 GMT; HttpOnly; Max-Age=1209600; Path=/[\r][\n]"
02 Feb 2018 10:59:56,894 DEBUG [main] http.wire:73 -  << "Set-Cookie: csrftoken=MIs7f9Bow2YxSHc8pe02MZ5UnCEbLNyZ; expires=Fri, 01-Feb-2019 05:29:56 GMT; Max-Age=31449600; Path=/[\r][\n]"
02 Feb 2018 10:59:56,895 DEBUG [main] http.wire:73 -  << "[\r][\n]"
02 Feb 2018 10:59:56,896 DEBUG [main] conn.DefaultClientConnection:259 - Receiving response: HTTP/1.1 200 OK
02 Feb 2018 10:59:56,896 DEBUG [main] http.headers:262 - << HTTP/1.1 200 OK
02 Feb 2018 10:59:56,896 DEBUG [main] http.headers:265 - << Server: nginx/1.10.3 (Ubuntu)
02 Feb 2018 10:59:56,897 DEBUG [main] http.headers:265 - << Date: Fri, 02 Feb 2018 05:29:56 GMT
02 Feb 2018 10:59:56,897 DEBUG [main] http.headers:265 - << Content-Type: application/json
02 Feb 2018 10:59:56,897 DEBUG [main] http.headers:265 - << Transfer-Encoding: chunked
02 Feb 2018 10:59:56,897 DEBUG [main] http.headers:265 - << Connection: keep-alive
02 Feb 2018 10:59:56,897 DEBUG [main] http.headers:265 - << X-Frame-Options: SAMEORIGIN
02 Feb 2018 10:59:56,898 DEBUG [main] http.headers:265 - << Vary: Cookie
02 Feb 2018 10:59:56,898 DEBUG [main] http.headers:265 - << Set-Cookie: sessionid=jokksbjx1rb1bhpulke2swsrszye4j3u; expires=Fri, 16-Feb-2018 05:29:56 GMT; HttpOnly; Max-Age=1209600; Path=/
02 Feb 2018 10:59:56,898 DEBUG [main] http.headers:265 - << Set-Cookie: csrftoken=MIs7f9Bow2YxSHc8pe02MZ5UnCEbLNyZ; expires=Fri, 01-Feb-2019 05:29:56 GMT; Max-Age=31449600; Path=/
02 Feb 2018 10:59:56,902 DEBUG [main] client.DefaultHttpClient:509 - Connection can be kept alive indefinitely
02 Feb 2018 10:59:56,917 DEBUG [main] internal.RequestSpecificationImpl$RestAssuredHttpBuilder:545 - Parsing response as: application/json
02 Feb 2018 10:59:56,918 DEBUG [main] internal.RequestSpecificationImpl$RestAssuredHttpBuilder:548 - Parsed data to instance of: class org.apache.http.conn.EofSensorInputStream
02 Feb 2018 10:59:56,970 DEBUG [main] http.wire:73 -  << "d5[\r][\n]"
02 Feb 2018 10:59:56,970 DEBUG [main] http.wire:87 -  << "{"data":{"loginUser":{"user":{"username":"rajdeep","firstName":"rajdeep","lastName":"D","userId":53851,"clientId":3,"email":"rajdeep@atlogys.com","shareRateCards":true,"freeTrial":false,"termsOfAgreement":true}}}}"
02 Feb 2018 10:59:56,971 DEBUG [main] http.wire:73 -  << "[\r][\n]"
02 Feb 2018 10:59:56,971 DEBUG [main] http.wire:73 -  << "0[\r][\n]"
02 Feb 2018 10:59:56,972 DEBUG [main] http.wire:73 -  << "[\r][\n]"
02 Feb 2018 10:59:56,972 DEBUG [main] conn.BasicClientConnectionManager:200 - Releasing connection org.apache.http.impl.conn.ManagedClientConnectionImpl@4d9ac0b4
02 Feb 2018 10:59:56,972 DEBUG [main] conn.BasicClientConnectionManager:225 - Connection can be kept alive indefinitely
